Release 7.1i - xst H.38
Copyright (c) 1995-2005 Xilinx, Inc.  All rights reserved.
--> Parameter TMPDIR set to __projnav
CPU : 0.00 / 0.28 s | Elapsed : 0.00 / 0.00 s
 
--> Parameter xsthdpdir set to ./xst
CPU : 0.00 / 0.28 s | Elapsed : 0.00 / 0.00 s
 
--> Reading design: ram.prj

TABLE OF CONTENTS
  1) Synthesis Options Summary
  2) HDL Compilation
  3) HDL Analysis
  4) HDL Synthesis
  5) Advanced HDL Synthesis
     5.1) HDL Synthesis Report
  6) Low Level Synthesis
  7) Final Report
     7.1) Device utilization summary
     7.2) TIMING REPORT


=========================================================================
*                      Synthesis Options Summary                        *
=========================================================================
---- Source Parameters
Input File Name                    : "ram.prj"
Input Format                       : mixed
Ignore Synthesis Constraint File   : NO

---- Target Parameters
Output File Name                   : "ram"
Output Format                      : NGC
Target Device                      : xc3s400-5-pq208

---- Source Options
Top Module Name                    : ram
Automatic FSM Extraction           : YES
FSM Encoding Algorithm             : Auto
FSM Style                          : lut
RAM Extraction                     : Yes
RAM Style                          : Auto
ROM Extraction                     : Yes
ROM Style                          : Auto
Mux Extraction                     : YES
Decoder Extraction                 : YES
Priority Encoder Extraction        : YES
Shift Register Extraction          : YES
Logical Shifter Extraction         : YES
XOR Collapsing                     : YES
Resource Sharing                   : YES
Multiplier Style                   : auto
Automatic Register Balancing       : No

---- Target Options
Add IO Buffers                     : YES
Global Maximum Fanout              : 500
Add Generic Clock Buffer(BUFG)     : 8
Register Duplication               : YES
Equivalent register Removal        : YES
Slice Packing                      : YES
Pack IO Registers into IOBs        : auto

---- General Options
Optimization Goal                  : Speed
Optimization Effort                : 1
Keep Hierarchy                     : NO
Global Optimization                : AllClockNets
RTL Output                         : Yes
Write Timing Constraints           : NO
Hierarchy Separator                : /
Bus Delimiter                      : <>
Case Specifier                     : maintain
Slice Utilization Ratio            : 100
Slice Utilization Ratio Delta      : 5

---- Other Options
lso                                : ram.lso
Read Cores                         : YES
cross_clock_analysis               : NO
verilog2001                        : YES
safe_implementation                : No
Optimize Instantiated Primitives   : NO
use_clock_enable                   : Yes
use_sync_set                       : Yes
use_sync_reset                     : Yes
enable_auto_floorplanning          : No

=========================================================================


=========================================================================
*                          HDL Compilation                              *
=========================================================================
Compiling vhdl file "C:/Documents and Settings/user/Desktop/SP_mini_RAM/sr_latch.vhd" in Library work.
Architecture data_flow of Entity sr_latch is up to date.
Compiling vhdl file "C:/Documents and Settings/user/Desktop/SP_mini_RAM/decoder.vhd" in Library work.
Architecture data_flow of Entity decoder is up to date.
Compiling vhdl file "C:/Documents and Settings/user/Desktop/SP_mini_RAM/binary_cell.vhd" in Library work.
Architecture data_flow of Entity binary_cell is up to date.
Compiling vhdl file "C:/Documents and Settings/user/Desktop/SP_mini_RAM/RAM.vhd" in Library work.
Architecture data_flow of Entity ram is up to date.

=========================================================================
*                            HDL Analysis                               *
=========================================================================
Analyzing Entity <ram> (Architecture <data_flow>).
Entity <ram> analyzed. Unit <ram> generated.

Analyzing Entity <decoder> (Architecture <data_flow>).
Entity <decoder> analyzed. Unit <decoder> generated.

Analyzing Entity <binary_cell> (Architecture <data_flow>).
Entity <binary_cell> analyzed. Unit <binary_cell> generated.

Analyzing Entity <sr_latch> (Architecture <data_flow>).
Entity <sr_latch> analyzed. Unit <sr_latch> generated.


=========================================================================
*                           HDL Synthesis                               *
=========================================================================

Synthesizing Unit <sr_latch>.
    Related source file is "C:/Documents and Settings/user/Desktop/SP_mini_RAM/sr_latch.vhd".
Unit <sr_latch> synthesized.


Synthesizing Unit <binary_cell>.
    Related source file is "C:/Documents and Settings/user/Desktop/SP_mini_RAM/binary_cell.vhd".
Unit <binary_cell> synthesized.


Synthesizing Unit <decoder>.
    Related source file is "C:/Documents and Settings/user/Desktop/SP_mini_RAM/decoder.vhd".
Unit <decoder> synthesized.


Synthesizing Unit <ram>.
    Related source file is "C:/Documents and Settings/user/Desktop/SP_mini_RAM/RAM.vhd".
Unit <ram> synthesized.


=========================================================================
*                       Advanced HDL Synthesis                          *
=========================================================================

Advanced RAM inference ...
Advanced multiplier inference ...
Advanced Registered AddSub inference ...
Dynamic shift register inference ...

=========================================================================
HDL Synthesis Report

Found no macro
=========================================================================

=========================================================================
*                         Low Level Synthesis                           *
=========================================================================
WARNING:Xst:2170 - Unit ram : the following signal(s) form a combinatorial loop: bc0_0/SRL1/_n0001.
WARNING:Xst:2170 - Unit ram : the following signal(s) form a combinatorial loop: bc1_1/SRL1/_n0001.
WARNING:Xst:2170 - Unit ram : the following signal(s) form a combinatorial loop: bc1_0/SRL1/_n0001.
WARNING:Xst:2170 - Unit ram : the following signal(s) form a combinatorial loop: bc2_0/SRL1/_n0001.
WARNING:Xst:2170 - Unit ram : the following signal(s) form a combinatorial loop: bc3_1/SRL1/_n0001.
WARNING:Xst:2170 - Unit ram : the following signal(s) form a combinatorial loop: bc3_0/SRL1/_n0001.
WARNING:Xst:2170 - Unit ram : the following signal(s) form a combinatorial loop: bc2_1/SRL1/_n0001.
WARNING:Xst:2170 - Unit ram : the following signal(s) form a combinatorial loop: bc0_1/SRL1/_n0001.

Optimizing unit <ram> ...
Loading device for application Rf_Device from file '3s400.nph' in environment C:/Program Files/Xilinx.

Mapping all equations...
Building and optimizing final netlist ...
Found area constraint ratio of 100 (+ 5) on block ram, actual ratio is 0.

=========================================================================
*                            Final Report                               *
=========================================================================
Final Results
RTL Top Level Output File Name     : ram.ngr
Top Level Output File Name         : ram
Output Format                      : NGC
Optimization Goal                  : Speed
Keep Hierarchy                     : NO

Design Statistics
# IOs                              : 7

Cell Usage :
# BELS                             : 18
#      LUT3                        : 12
#      LUT4                        : 4
#      MUXF5                       : 2
# IO Buffers                       : 7
#      IBUF                        : 5
#      OBUF                        : 2
=========================================================================

Device utilization summary:
---------------------------

Selected Device : 3s400pq208-5 

 Number of Slices:                       9  out of   3584     0%  
 Number of 4 input LUTs:                16  out of   7168     0%  
 Number of bonded IOBs:                  7  out of    141     4%  


=========================================================================
TIMING REPORT

NOTE: THESE TIMING NUMBERS ARE ONLY A SYNTHESIS ESTIMATE.
      FOR ACCURATE TIMING INFORMATION PLEASE REFER TO THE TRACE REPORT
      GENERATED AFTER PLACE-and-ROUTE.

Clock Information:
------------------
No clock signals found in this design

Timing Summary:
---------------
Speed Grade: -5

   Minimum period: No path found
   Minimum input arrival time before clock: No path found
   Maximum output required time after clock: No path found
   Maximum combinational path delay: 11.116ns

Timing Detail:
--------------
All values displayed in nanoseconds (ns)

=========================================================================
Timing constraint: Default path analysis
  Total number of paths / destination ports: 42 / 2
-------------------------------------------------------------------------
Delay:               11.116ns (Levels of Logic = 6)
  Source:            RW (PAD)
  Destination:       D_out0 (PAD)

  Data Path: RW to D_out0
                                Gate     Net
    Cell:in->out      fanout   Delay   Delay  Logical Name (Net Name)
    ----------------------------------------  ------------
     IBUF:I->O             8   0.715   1.216  RW_IBUF (RW_IBUF)
     LUT3:I0->O            2   0.479   1.040  Ker21 (N2)
     LUT3:I0->O            2   0.479   0.804  bc1_0/SRL1/_n00011 (bc1_0/SRL1/_n0001)
     LUT4:I2->O            1   0.479   0.000  D_out0_G (N33)
     MUXF5:I1->O           1   0.314   0.681  D_out0 (D_out0_OBUF)
     OBUF:I->O                 4.909          D_out0_OBUF (D_out0)
    ----------------------------------------
    Total                     11.116ns (7.375ns logic, 3.741ns route)
                                       (66.3% logic, 33.7% route)

=========================================================================
CPU : 4.16 / 4.48 s | Elapsed : 5.00 / 5.00 s
 
--> 

Total memory usage is 101704 kilobytes

Number of errors   :    0 (   0 filtered)
Number of warnings :    8 (   0 filtered)
Number of infos    :    0 (   0 filtered)

